consumeview/build/outputs/logs/manifest-merger-debug-report.txt
-- Merging decision tree log ---
manifest
ADDED from src/main/AndroidManifest.xml:2:1-206:12
INJECTED from src/main/AndroidManifest.xml:2:1-206:12
INJECTED from src/main/AndroidManifest.xml:2:1-206:12
INJECTED from src/main/AndroidManifest.xml:2:1-206:12
MERGED from [androidx.appcompat:appcompat:1.0.0-beta01] AndroidManifest.xml:17:1-22:12
MERGED from [androidx.constraintlayout:constraintlayout:1.1.3] AndroidManifest.xml:2:1-11:12
MERGED from [androidx.percentlayout:percentlayout:1.0.0-beta01] AndroidManifest.xml:17:1-22:12
MERGED from [com.zhy:base-adapter:2.0.0] AndroidManifest.xml:2:1-14:12
MERGED from [androidx.recyclerview:recyclerview:1.0.0-rc01] AndroidManifest.xml:17:1-22:12
MERGED from [org.litepal.android:core:1.4.1] AndroidManifest.xml:2:1-16:12
MERGED from [androidx.fragment:fragment:1.0.0-beta01] AndroidManifest.xml:17:1-22:12
MERGED from [androidx.vectordrawable:vectordrawable-animated:1.0.0-beta01] AndroidManifest.xml:17:1-22:12
MERGED from [androidx.vectordrawable:vectordrawable:1.0.0-beta01] AndroidManifest.xml:17:1-22:12
MERGED from [androidx.legacy:legacy-support-core-ui:1.0.0-rc01] AndroidManifest.xml:17:1-22:12
MERGED from [androidx.legacy:legacy-support-core-utils:1.0.0-rc01] AndroidManifest.xml:17:1-22:12
MERGED from [androidx.viewpager:viewpager:1.0.0-rc01] AndroidManifest.xml:17:1-22:12
MERGED from [androidx.coordinatorlayout:coordinatorlayout:1.0.0-rc01] AndroidManifest.xml:17:1-22:12
MERGED from [androidx.drawerlayout:drawerlayout:1.0.0-rc01] AndroidManifest.xml:17:1-22:12
MERGED from [androidx.slidingpanelayout:slidingpanelayout:1.0.0-rc01] AndroidManifest.xml:17:1-22:12
MERGED from [androidx.customview:customview:1.0.0-rc01] AndroidManifest.xml:17:1-22:12
MERGED from [androidx.swiperefreshlayout:swiperefreshlayout:1.0.0-rc01] AndroidManifest.xml:17:1-22:12
MERGED from [androidx.asynclayoutinflater:asynclayoutinflater:1.0.0-rc01] AndroidManifest.xml:17:1-22:12
MERGED from [androidx.loader:loader:1.0.0-rc01] AndroidManifest.xml:17:1-22:12
MERGED from [androidx.core:core:1.0.0-rc01] AndroidManifest.xml:17:1-24:12
MERGED from [androidx.versionedparcelable:versionedparcelable:1.0.0-rc01] AndroidManifest.xml:17:1-25:12
MERGED from [androidx.cursoradapter:cursoradapter:1.0.0-rc01] AndroidManifest.xml:17:1-22:12
MERGED from [androidx.interpolator:interpolator:1.0.0-rc01] AndroidManifest.xml:17:1-22:12
MERGED from [androidx.documentfile:documentfile:1.0.0-rc01] AndroidManifest.xml:17:1-22:12
MERGED from [androidx.localbroadcastmanager:localbroadcastmanager:1.0.0-rc01] AndroidManifest.xml:17:1-22:12
MERGED from [androidx.print:print:1.0.0-rc01] AndroidManifest.xml:17:1-22:12
MERGED from [androidx.lifecycle:lifecycle-viewmodel:2.0.0-rc01] AndroidManifest.xml:17:1-22:12
MERGED from [androidx.lifecycle:lifecycle-runtime:2.0.0-rc01] AndroidManifest.xml:17:1-22:12
MERGED from [androidx.lifecycle:lifecycle-livedata-core:2.0.0-rc01] AndroidManifest.xml:17:1-22:12
MERGED from [androidx.arch.core:core-runtime:2.0.0-rc01] AndroidManifest.xml:17:1-22:12
INJECTED from src/main/AndroidManifest.xml:2:1-206:12
INJECTED from src/main/AndroidManifest.xml:2:1-206:12
INJECTED from src/main/AndroidManifest.xml:2:1-206:12
	package
		ADDED from src/main/AndroidManifest.xml:3:5-43
		INJECTED from src/main/AndroidManifest.xml
		INJECTED from src/main/AndroidManifest.xml
	android:versionName
		INJECTED from src/main/AndroidManifest.xml
		ADDED from src/main/AndroidManifest.xml:2:1-206:12
		INJECTED from src/main/AndroidManifest.xml
	android:versionCode
		INJECTED from src/main/AndroidManifest.xml
		ADDED from src/main/AndroidManifest.xml:2:1-206:12
		INJECTED from src/main/AndroidManifest.xml
	xmlns:android
		ADDED from src/main/AndroidManifest.xml:2:11-69
application
ADDED from src/main/AndroidManifest.xml:5:5-202:19
MERGED from [androidx.constraintlayout:constraintlayout:1.1.3] AndroidManifest.xml:9:5-20
MERGED from [androidx.constraintlayout:constraintlayout:1.1.3] AndroidManifest.xml:9:5-20
MERGED from [com.zhy:base-adapter:2.0.0] AndroidManifest.xml:11:5-12:19
MERGED from [com.zhy:base-adapter:2.0.0] AndroidManifest.xml:11:5-12:19
MERGED from [org.litepal.android:core:1.4.1] AndroidManifest.xml:11:5-14:19
MERGED from [org.litepal.android:core:1.4.1] AndroidManifest.xml:11:5-14:19
MERGED from [androidx.core:core:1.0.0-rc01] AndroidManifest.xml:22:5-89
MERGED from [androidx.core:core:1.0.0-rc01] AndroidManifest.xml:22:5-89
MERGED from [androidx.versionedparcelable:versionedparcelable:1.0.0-rc01] AndroidManifest.xml:22:5-23:19
MERGED from [androidx.versionedparcelable:versionedparcelable:1.0.0-rc01] AndroidManifest.xml:22:5-23:19
	android:appComponentFactory
		ADDED from [androidx.core:core:1.0.0-rc01] AndroidManifest.xml:22:18-86
	android:supportsRtl
		ADDED from src/main/AndroidManifest.xml:11:9-35
	android:label
		ADDED from src/main/AndroidManifest.xml:9:9-41
	android:roundIcon
		ADDED from src/main/AndroidManifest.xml:10:9-54
	android:icon
		ADDED from src/main/AndroidManifest.xml:8:9-43
	android:allowBackup
		ADDED from src/main/AndroidManifest.xml:7:9-35
	android:theme
		ADDED from src/main/AndroidManifest.xml:12:9-40
	android:name
		ADDED from src/main/AndroidManifest.xml:6:9-50
activity#com.xiaofangfang.consumeview.ListView.ZimuListView.ZimuListViewActivity
ADDED from src/main/AndroidManifest.xml:15:9-21:20
	android:name
		ADDED from src/main/AndroidManifest.xml:15:19-77
activity#com.xiaofangfang.consumeview.NestScroll.MainActivity
ADDED from src/main/AndroidManifest.xml:24:9-30:20
	android:name
		ADDED from src/main/AndroidManifest.xml:24:19-58
activity#com.xiaofangfang.consumeview.scrollHiddenToolbar.ScrollHiddenToolbarActivity
ADDED from src/main/AndroidManifest.xml:32:9-41:20
	android:theme
		ADDED from src/main/AndroidManifest.xml:34:13-47
	android:name
		ADDED from src/main/AndroidManifest.xml:33:13-76
activity#com.xiaofangfang.consumeview.skinChange.IndexActivit
ADDED from src/main/AndroidManifest.xml:42:9-48:20
	android:name
		ADDED from src/main/AndroidManifest.xml:42:19-58
activity#com.xiaofangfang.consumeview.BoundScrollview.BoundScrollviewTestActivity
ADDED from src/main/AndroidManifest.xml:49:9-57:20
	android:name
		ADDED from src/main/AndroidManifest.xml:49:19-78
activity#com.xiaofangfang.consumeview.Toolbar.ToolbarActivity
ADDED from src/main/AndroidManifest.xml:58:9-69:20
	android:theme
		ADDED from src/main/AndroidManifest.xml:60:13-69
	android:name
		ADDED from src/main/AndroidManifest.xml:59:13-52
activity#com.xiaofangfang.consumeview.autoRollViewGroup.ViewPagerDownActivity
ADDED from src/main/AndroidManifest.xml:70:9-78:20
	android:name
		ADDED from src/main/AndroidManifest.xml:70:19-74
activity#com.xiaofangfang.consumeview.AudioPlay.AudioActivity
ADDED from src/main/AndroidManifest.xml:79:9-88:20
	android:name
		ADDED from src/main/AndroidManifest.xml:79:19-58
activity#com.xiaofangfang.consumeview.EventIntercept.EventInterceptActivity
ADDED from src/main/AndroidManifest.xml:89:9-98:20
	android:name
		ADDED from src/main/AndroidManifest.xml:89:19-72
activity#com.xiaofangfang.consumeview.PageScrollView.PageScrollViewActivity
ADDED from src/main/AndroidManifest.xml:99:9-107:20
	android:name
		ADDED from src/main/AndroidManifest.xml:99:19-72
activity#com.xiaofangfang.consumeview.ScrollerTest.ScrollerTest
ADDED from src/main/AndroidManifest.xml:108:9-116:20
	android:name
		ADDED from src/main/AndroidManifest.xml:108:19-60
activity#com.xiaofangfang.consumeview.skinChange.SkinChangeActivity
ADDED from src/main/AndroidManifest.xml:117:9-125:20
	android:name
		ADDED from src/main/AndroidManifest.xml:117:19-64
activity#com.xiaofangfang.consumeview.banner.BannerActivity
ADDED from src/main/AndroidManifest.xml:126:9-132:20
	android:name
		ADDED from src/main/AndroidManifest.xml:126:19-56
activity#com.xiaofangfang.consumeview.ClippingView.ClipProviderActivity
ADDED from src/main/AndroidManifest.xml:133:9-139:20
	android:name
		ADDED from src/main/AndroidManifest.xml:133:19-68
activity#com.xiaofangfang.consumeview.HorizontalScrollView.BoundHorizonalScrollViewAcitivity
ADDED from src/main/AndroidManifest.xml:140:9-146:20
	android:name
		ADDED from src/main/AndroidManifest.xml:140:19-89
activity#com.xiaofangfang.consumeview.rippingDesign.RippleDesign
ADDED from src/main/AndroidManifest.xml:147:9-153:20
	android:name
		ADDED from src/main/AndroidManifest.xml:147:19-61
activity#com.xiaofangfang.consumeview.NestedScrolling.NestedScrollingActivity
ADDED from src/main/AndroidManifest.xml:154:9-160:20
	android:name
		ADDED from src/main/AndroidManifest.xml:154:19-74
activity#com.xiaofangfang.consumeview.MagicViewPager.sample.MainActivity
ADDED from src/main/AndroidManifest.xml:161:9-167:20
	android:name
		ADDED from src/main/AndroidManifest.xml:161:19-69
activity#com.xiaofangfang.consumeview.MagicViewPager.sample.StandardViewPagerActivity
ADDED from src/main/AndroidManifest.xml:168:9-170:77
	android:theme
		ADDED from src/main/AndroidManifest.xml:170:13-74
	android:name
		ADDED from src/main/AndroidManifest.xml:169:13-76
activity#com.xiaofangfang.consumeview.MagicViewPager.sample.CircleViewPagerActivity
ADDED from src/main/AndroidManifest.xml:171:9-173:77
	android:theme
		ADDED from src/main/AndroidManifest.xml:173:13-74
	android:name
		ADDED from src/main/AndroidManifest.xml:172:13-74
activity#com.xiaofangfang.consumeview.RecyclerViewTest.RecyclerViewTestActivity
ADDED from src/main/AndroidManifest.xml:176:9-183:20
	android:name
		ADDED from src/main/AndroidManifest.xml:176:19-76
activity#com.xiaofangfang.consumeview.ListView.checkboxListView.CheckBoxListViewActivity
ADDED from src/main/AndroidManifest.xml:184:9-193:20
	android:name
		ADDED from src/main/AndroidManifest.xml:184:19-85
intent-filter#action:name:android.intent.action.MAIN+category:name:android.intent.category.LAUNCHER
ADDED from src/main/AndroidManifest.xml:186:13-190:29
action#android.intent.action.MAIN
ADDED from src/main/AndroidManifest.xml:187:13-65
	android:name
		ADDED from src/main/AndroidManifest.xml:187:21-62
category#android.intent.category.LAUNCHER
ADDED from src/main/AndroidManifest.xml:189:13-73
	android:name
		ADDED from src/main/AndroidManifest.xml:189:23-70
activity#com.xiaofangfang.consumeview.musicPlayHideSplitPage.SplitPageActivity
ADDED from src/main/AndroidManifest.xml:194:9-200:20
	android:name
		ADDED from src/main/AndroidManifest.xml:194:19-75
uses-permission#android.permission.INTERNET
ADDED from src/main/AndroidManifest.xml:204:5-83
	android:name
		ADDED from src/main/AndroidManifest.xml:204:22-64
uses-sdk
INJECTED from src/main/AndroidManifest.xml reason: use-sdk injection requested
INJECTED from src/main/AndroidManifest.xml
INJECTED from src/main/AndroidManifest.xml
MERGED from [androidx.appcompat:appcompat:1.0.0-beta01] AndroidManifest.xml:20:5-44
MERGED from [androidx.appcompat:appcompat:1.0.0-beta01] AndroidManifest.xml:20:5-44
MERGED from [androidx.constraintlayout:constraintlayout:1.1.3] AndroidManifest.xml:5:5-7:41
MERGED from [androidx.constraintlayout:constraintlayout:1.1.3] AndroidManifest.xml:5:5-7:41
MERGED from [androidx.percentlayout:percentlayout:1.0.0-beta01] AndroidManifest.xml:20:5-44
MERGED from [androidx.percentlayout:percentlayout:1.0.0-beta01] AndroidManifest.xml:20:5-44
MERGED from [com.zhy:base-adapter:2.0.0] AndroidManifest.xml:7:5-9:41
MERGED from [com.zhy:base-adapter:2.0.0] AndroidManifest.xml:7:5-9:41
MERGED from [androidx.recyclerview:recyclerview:1.0.0-rc01] AndroidManifest.xml:20:5-44
MERGED from [androidx.recyclerview:recyclerview:1.0.0-rc01] AndroidManifest.xml:20:5-44
MERGED from [org.litepal.android:core:1.4.1] AndroidManifest.xml:7:5-9:41
MERGED from [org.litepal.android:core:1.4.1] AndroidManifest.xml:7:5-9:41
MERGED from [androidx.fragment:fragment:1.0.0-beta01] AndroidManifest.xml:20:5-44
MERGED from [androidx.fragment:fragment:1.0.0-beta01] AndroidManifest.xml:20:5-44
MERGED from [androidx.vectordrawable:vectordrawable-animated:1.0.0-beta01] AndroidManifest.xml:20:5-44
MERGED from [androidx.vectordrawable:vectordrawable-animated:1.0.0-beta01] AndroidManifest.xml:20:5-44
MERGED from [androidx.vectordrawable:vectordrawable:1.0.0-beta01] AndroidManifest.xml:20:5-44
MERGED from [androidx.vectordrawable:vectordrawable:1.0.0-beta01] AndroidManifest.xml:20:5-44
MERGED from [androidx.legacy:legacy-support-core-ui:1.0.0-rc01] AndroidManifest.xml:20:5-44
MERGED from [androidx.legacy:legacy-support-core-ui:1.0.0-rc01] AndroidManifest.xml:20:5-44
MERGED from [androidx.legacy:legacy-support-core-utils:1.0.0-rc01] AndroidManifest.xml:20:5-44
MERGED from [androidx.legacy:legacy-support-core-utils:1.0.0-rc01] AndroidManifest.xml:20:5-44
MERGED from [androidx.viewpager:viewpager:1.0.0-rc01] AndroidManifest.xml:20:5-44
MERGED from [androidx.viewpager:viewpager:1.0.0-rc01] AndroidManifest.xml:20:5-44
MERGED from [androidx.coordinatorlayout:coordinatorlayout:1.0.0-rc01] AndroidManifest.xml:20:5-44
MERGED from [androidx.coordinatorlayout:coordinatorlayout:1.0.0-rc01] AndroidManifest.xml:20:5-44
MERGED from [androidx.drawerlayout:drawerlayout:1.0.0-rc01] AndroidManifest.xml:20:5-44
MERGED from [androidx.drawerlayout:drawerlayout:1.0.0-rc01] AndroidManifest.xml:20:5-44
MERGED from [androidx.slidingpanelayout:slidingpanelayout:1.0.0-rc01] AndroidManifest.xml:20:5-44
MERGED from [androidx.slidingpanelayout:slidingpanelayout:1.0.0-rc01] AndroidManifest.xml:20:5-44
MERGED from [androidx.customview:customview:1.0.0-rc01] AndroidManifest.xml:20:5-44
MERGED from [androidx.customview:customview:1.0.0-rc01] AndroidManifest.xml:20:5-44
MERGED from [androidx.swiperefreshlayout:swiperefreshlayout:1.0.0-rc01] AndroidManifest.xml:20:5-44
MERGED from [androidx.swiperefreshlayout:swiperefreshlayout:1.0.0-rc01] AndroidManifest.xml:20:5-44
MERGED from [androidx.asynclayoutinflater:asynclayoutinflater:1.0.0-rc01] AndroidManifest.xml:20:5-44
MERGED from [androidx.asynclayoutinflater:asynclayoutinflater:1.0.0-rc01] AndroidManifest.xml:20:5-44
MERGED from [androidx.loader:loader:1.0.0-rc01] AndroidManifest.xml:20:5-44
MERGED from [androidx.loader:loader:1.0.0-rc01] AndroidManifest.xml:20:5-44
MERGED from [androidx.core:core:1.0.0-rc01] AndroidManifest.xml:20:5-44
MERGED from [androidx.core:core:1.0.0-rc01] AndroidManifest.xml:20:5-44
MERGED from [androidx.versionedparcelable:versionedparcelable:1.0.0-rc01] AndroidManifest.xml:20:5-44
MERGED from [androidx.versionedparcelable:versionedparcelable:1.0.0-rc01] AndroidManifest.xml:20:5-44
MERGED from [androidx.cursoradapter:cursoradapter:1.0.0-rc01] AndroidManifest.xml:20:5-44
MERGED from [androidx.cursoradapter:cursoradapter:1.0.0-rc01] AndroidManifest.xml:20:5-44
MERGED from [androidx.interpolator:interpolator:1.0.0-rc01] AndroidManifest.xml:20:5-44
MERGED from [androidx.interpolator:interpolator:1.0.0-rc01] AndroidManifest.xml:20:5-44
MERGED from [androidx.documentfile:documentfile:1.0.0-rc01] AndroidManifest.xml:20:5-44
MERGED from [androidx.documentfile:documentfile:1.0.0-rc01] AndroidManifest.xml:20:5-44
MERGED from [androidx.localbroadcastmanager:localbroadcastmanager:1.0.0-rc01] AndroidManifest.xml:20:5-44
MERGED from [androidx.localbroadcastmanager:localbroadcastmanager:1.0.0-rc01] AndroidManifest.xml:20:5-44
MERGED from [androidx.print:print:1.0.0-rc01] AndroidManifest.xml:20:5-44
MERGED from [androidx.print:print:1.0.0-rc01] AndroidManifest.xml:20:5-44
MERGED from [androidx.lifecycle:lifecycle-viewmodel:2.0.0-rc01] AndroidManifest.xml:20:5-44
MERGED from [androidx.lifecycle:lifecycle-viewmodel:2.0.0-rc01] AndroidManifest.xml:20:5-44
MERGED from [androidx.lifecycle:lifecycle-runtime:2.0.0-rc01] AndroidManifest.xml:20:5-44
MERGED from [androidx.lifecycle:lifecycle-runtime:2.0.0-rc01] AndroidManifest.xml:20:5-44
MERGED from [androidx.lifecycle:lifecycle-livedata-core:2.0.0-rc01] AndroidManifest.xml:20:5-44
MERGED from [androidx.lifecycle:lifecycle-livedata-core:2.0.0-rc01] AndroidManifest.xml:20:5-44
MERGED from [androidx.arch.core:core-runtime:2.0.0-rc01] AndroidManifest.xml:20:5-44
MERGED from [androidx.arch.core:core-runtime:2.0.0-rc01] AndroidManifest.xml:20:5-44
INJECTED from src/main/AndroidManifest.xml
INJECTED from src/main/AndroidManifest.xml
	android:targetSdkVersion
		INJECTED from src/main/AndroidManifest.xml
		ADDED from src/main/AndroidManifest.xml
		INJECTED from src/main/AndroidManifest.xml
	android:minSdkVersion
		INJECTED from src/main/AndroidManifest.xml
		ADDED from src/main/AndroidManifest.xml
		INJECTED from src/main/AndroidManifest.xml